[debug] > Exec(early(addDefaultCommands), None, None)
[debug] > Exec(addDefaultCommands, None, None)
[debug] > Exec(early(initialize), None, None)
[debug] > Exec(initialize, None, None)
[debug] > Exec(boot, None, None)
[debug] > Exec(writeSbtVersion, None, None)
[debug] > Exec(reload, None, None)
[debug] > Exec(sbtStashOnFailure, None, None)
[debug] > Exec(onFailure loadFailed, None, None)
[debug] > Exec(loadp, None, None)
[info] welcome to sbt 1.4.2 (Oracle Corporation Java 13.0.2)
[debug] Load.defaultLoad until apply took 422.8354ms
[debug]           Load.loadUnit: plugins took 123.7803ms
[debug]           Load.loadUnit: defsScala took 0.3639ms
[debug] [Loading] Scanning directory C:\Users\weish\IdeaProjects\SE_GWENT\project
[debug] [Loading] Found non-root projects 
[debug] [Loading] Done in C:\Users\weish\IdeaProjects\SE_GWENT\project, returning: ()
[debug] deducing auto plugins based on known facts Set(Atom(sbt.plugins.CorePlugin)) and clauses Clauses(List(Clause(Atom(sbt.plugins.JvmPlugin),Set(Atom(sbt.plugins.IvyPlugin))), Clause(Atom(sbt.ScriptedPlugin),Set(Atom(sbt.plugins.JvmPlugin))), Clause(Atom(sbt.plugins.SbtPlugin),Set(Atom(sbt.ScriptedPlugin))), Clause(Atom(sbt.plugins.SemanticdbPlugin),Set(Atom(sbt.plugins.JvmPlugin))), Clause(Atom(sbt.plugins.JUnitXmlReportPlugin),Set(Atom(sbt.plugins.JvmPlugin))), Clause(Atom(sbt.plugins.MiniDependencyTreePlugin),Set(Atom(sbt.plugins.JvmPlugin))), Clause(Atom(sbt.plugins.CorePlugin),Set(Atom(sbt.plugins.IvyPlugin))), Clause(Atom(sbt.plugins.IvyPlugin),Set(Atom(sbt.plugins.JvmPlugin))), Clause(Atom(sbt.plugins.JvmPlugin),Set(Atom(sbt.plugins.SemanticdbPlugin))), Clause(Atom(sbt.plugins.JvmPlugin),Set(Atom(sbt.plugins.JUnitXmlReportPlugin))), Clause(Atom(sbt.plugins.CorePlugin),Set(Atom(sbt.plugins.Giter8TemplatePlugin))), Clause(Atom(sbt.plugins.JvmPlugin),Set(Atom(sbt.plugins.MiniDependencyTreePlugin)))))
[debug]   :: deduced result: Matched(sbt.plugins.CorePlugin,sbt.plugins.Giter8TemplatePlugin,sbt.plugins.IvyPlugin,sbt.plugins.JvmPlugin,sbt.plugins.MiniDependencyTreePlugin,sbt.plugins.JUnitXmlReportPlugin,sbt.plugins.SemanticdbPlugin)
[debug] Plugins.deducer#function took 26.709 ms
[debug]               Load.resolveProject(se_gwent-build) took 49.9172ms
[debug]             Load.loadTransitive: finalizeProject(Project(id se_gwent-build, base: C:\Users\weish\IdeaProjects\SE_GWENT\project, plugins: List(<none>))) took 111.6637ms
[debug] [Loading] Done in C:\Users\weish\IdeaProjects\SE_GWENT\project, returning: (se_gwent-build)
[debug]           Load.loadUnit: loadedProjectsRaw took 141.1924ms
[debug]           Load.loadUnit: cleanEvalClasses took 0.41ms
[debug]         Load.loadUnit(file:/C:/Users/weish/IdeaProjects/SE_GWENT/project/, ...) took 273.4815ms
[debug]       Load.apply: load took 488.7098ms
[debug]       Load.apply: resolveProjects took 9.8162ms
[debug]       Load.apply: finalTransforms took 92.6883ms
[debug]       Load.apply: config.delegates took 10.4168ms
[debug]       Load.apply: Def.make(settings)... took 1038.6294ms
[debug]       Load.apply: structureIndex took 152.109ms
[debug]       Load.apply: mkStreams took 1.8859ms
[info] loading project definition from C:\Users\weish\IdeaProjects\SE_GWENT\project
[debug] Running task... Cancel: Signal, check cycles: false, forcegc: true
[debug]     Load.loadUnit: plugins took 5861.2839ms
[debug]     Load.loadUnit: defsScala took 0.0038ms
[debug] [Loading] Scanning directory C:\Users\weish\IdeaProjects\SE_GWENT
[debug]       Load.loadUnit: mkEval took 7.0455ms
[debug] [Loading] Found non-root projects 
[debug] [Loading] Done in C:\Users\weish\IdeaProjects\SE_GWENT, returning: ()
[debug] deducing auto plugins based on known facts Set(Atom(sbt.plugins.CorePlugin)) and clauses Clauses(List(Clause(Atom(sbt.plugins.JvmPlugin),Set(Atom(sbt.plugins.IvyPlugin))), Clause(Atom(sbt.ScriptedPlugin),Set(Atom(sbt.plugins.JvmPlugin))), Clause(Atom(sbt.plugins.SbtPlugin),Set(Atom(sbt.ScriptedPlugin))), Clause(Atom(sbt.plugins.SemanticdbPlugin),Set(Atom(sbt.plugins.JvmPlugin))), Clause(Atom(sbt.plugins.JUnitXmlReportPlugin),Set(Atom(sbt.plugins.JvmPlugin))), Clause(Atom(sbt.plugins.MiniDependencyTreePlugin),Set(Atom(sbt.plugins.JvmPlugin))), Clause(Atom(sbt.plugins.CorePlugin),Set(Atom(sbt.plugins.IvyPlugin))), Clause(Atom(sbt.plugins.IvyPlugin),Set(Atom(sbt.plugins.JvmPlugin))), Clause(Atom(sbt.plugins.JvmPlugin),Set(Atom(sbt.plugins.SemanticdbPlugin))), Clause(Atom(sbt.plugins.JvmPlugin),Set(Atom(sbt.plugins.JUnitXmlReportPlugin))), Clause(Atom(sbt.plugins.CorePlugin),Set(Atom(sbt.plugins.Giter8TemplatePlugin))), Clause(Atom(sbt.plugins.JvmPlugin),Set(Atom(sbt.plugins.MiniDependencyTreePlugin)))))
[debug]   :: deduced result: Matched(sbt.plugins.CorePlugin,sbt.plugins.Giter8TemplatePlugin,sbt.plugins.IvyPlugin,sbt.plugins.JvmPlugin,sbt.plugins.MiniDependencyTreePlugin,sbt.plugins.JUnitXmlReportPlugin,sbt.plugins.SemanticdbPlugin)
[debug] Plugins.deducer#function took 3.6422 ms
[info] loading settings for project se_gwent from build.sbt ...
[debug]         Load.resolveProject(se_gwent) took 5.0898ms
[debug]       Load.loadTransitive: finalizeProject(Project(id se_gwent, base: C:\Users\weish\IdeaProjects\SE_GWENT, plugins: List(<none>))) took 9.6748ms
[debug] [Loading] Done in C:\Users\weish\IdeaProjects\SE_GWENT, returning: (se_gwent)
[debug]     Load.loadUnit: loadedProjectsRaw took 3278.3825ms
[debug]     Load.loadUnit: cleanEvalClasses took 47.9925ms
[debug]   Load.loadUnit(file:/C:/Users/weish/IdeaProjects/SE_GWENT/, ...) took 9190.0982ms
[debug] Load.apply: load took 9214.0839ms
[debug] Load.apply: resolveProjects took 0.1568ms
[debug] Load.apply: finalTransforms took 14.1325ms
[debug] Load.apply: config.delegates took 0.5995ms
[debug] Load.apply: Def.make(settings)... took 124.9994ms
[debug] Load.apply: structureIndex took 29.845ms
[debug] Load.apply: mkStreams took 0.0057ms
[info] set current project to Gwent_SE_sbt (in build file:/C:/Users/weish/IdeaProjects/SE_GWENT/)
[debug] > Exec(sbtPopOnFailure, None, None)
[debug] > Exec(resumeFromFailure, None, None)
[debug] > Exec(notifyUsersAboutShell, None, None)
[debug] > Exec(iflast shell, None, None)
[debug] > Exec(shell, None, None)
[info] sbt server started at local:sbt-server-02322136b673bc77ff52
[debug] Forcing garbage collection...
