[debug] > Exec(early(addDefaultCommands), None, None)
[debug] > Exec(addDefaultCommands, None, None)
[debug] > Exec(early(initialize), None, None)
[debug] > Exec(initialize, None, None)
[debug] > Exec(boot, None, None)
[debug] > Exec(writeSbtVersion, None, None)
[debug] > Exec(reload, None, None)
[debug] > Exec(sbtStashOnFailure, None, None)
[debug] > Exec(onFailure loadFailed, None, None)
[debug] > Exec(loadp, None, None)
[info] welcome to sbt 1.4.2 (Oracle Corporation Java 15.0.1)
[debug]       Load.loadUnit: plugins took 75.0461ms
[debug]       Load.loadUnit: defsScala took 0.2488ms
[debug] [Loading] Scanning directory C:\Users\weish\.sbt\1.0\plugins
[debug] [Loading] Found non-root projects 
[debug] [Loading] Done in C:\Users\weish\.sbt\1.0\plugins, returning: ()
[debug] deducing auto plugins based on known facts Set(Atom(sbt.plugins.CorePlugin)) and clauses Clauses(List(Clause(Atom(sbt.plugins.JvmPlugin),Set(Atom(sbt.plugins.IvyPlugin))), Clause(Atom(sbt.ScriptedPlugin),Set(Atom(sbt.plugins.JvmPlugin))), Clause(Atom(sbt.plugins.SbtPlugin),Set(Atom(sbt.ScriptedPlugin))), Clause(Atom(sbt.plugins.SemanticdbPlugin),Set(Atom(sbt.plugins.JvmPlugin))), Clause(Atom(sbt.plugins.JUnitXmlReportPlugin),Set(Atom(sbt.plugins.JvmPlugin))), Clause(Atom(sbt.plugins.MiniDependencyTreePlugin),Set(Atom(sbt.plugins.JvmPlugin))), Clause(Atom(sbt.plugins.CorePlugin),Set(Atom(sbt.plugins.IvyPlugin))), Clause(Atom(sbt.plugins.IvyPlugin),Set(Atom(sbt.plugins.JvmPlugin))), Clause(Atom(sbt.plugins.JvmPlugin),Set(Atom(sbt.plugins.SemanticdbPlugin))), Clause(Atom(sbt.plugins.JvmPlugin),Set(Atom(sbt.plugins.JUnitXmlReportPlugin))), Clause(Atom(sbt.plugins.CorePlugin),Set(Atom(sbt.plugins.Giter8TemplatePlugin))), Clause(Atom(sbt.plugins.JvmPlugin),Set(Atom(sbt.plugins.MiniDependencyTreePlugin)))))
[debug]   :: deduced result: Matched(sbt.plugins.CorePlugin,sbt.plugins.Giter8TemplatePlugin,sbt.plugins.IvyPlugin,sbt.plugins.JvmPlugin,sbt.plugins.MiniDependencyTreePlugin,sbt.plugins.JUnitXmlReportPlugin,sbt.plugins.SemanticdbPlugin)
[debug] Plugins.deducer#function took 17.5523 ms
[debug]           Load.resolveProject(global-plugins) took 30.2276ms
[debug]         Load.loadTransitive: finalizeProject(Project(id global-plugins, base: C:\Users\weish\.sbt\1.0\plugins, plugins: List(<none>))) took 69.7212ms
[debug] [Loading] Done in C:\Users\weish\.sbt\1.0\plugins, returning: (global-plugins)
[debug]       Load.loadUnit: loadedProjectsRaw took 91.6421ms
[debug]       Load.loadUnit: cleanEvalClasses took 0.1559ms
[debug]     Load.loadUnit(file:/C:/Users/weish/.sbt/1.0/plugins/, ...) took 175.6549ms
[debug]   Load.apply: load took 306.5627ms
[debug]   Load.apply: resolveProjects took 5.9112ms
[debug]   Load.apply: finalTransforms took 43.8328ms
[debug]   Load.apply: config.delegates took 5.3541ms
[debug]   Load.apply: Def.make(settings)... took 590.6603ms
[debug]   Load.apply: structureIndex took 116.3248ms
[debug]   Load.apply: mkStreams took 2.0987ms
[info] loading global plugins from C:\Users\weish\.sbt\1.0\plugins
[debug] Running task... Cancel: Signal, check cycles: false, forcegc: true
[debug] Load.defaultLoad until apply took 4899.6167ms
[debug]           Load.loadUnit: plugins took 34.4841ms
[debug]           Load.loadUnit: defsScala took 0.0025ms
[debug] [Loading] Scanning directory C:\Users\weish\IdeaProjects\SE_GWENT\project
[debug] [Loading] Found non-root projects 
[debug] [Loading] Done in C:\Users\weish\IdeaProjects\SE_GWENT\project, returning: ()
[debug] deducing auto plugins based on known facts Set(Atom(sbt.plugins.CorePlugin)) and clauses Clauses(List(Clause(Atom(sbt.plugins.JvmPlugin),Set(Atom(sbt.plugins.IvyPlugin))), Clause(Atom(sbt.ScriptedPlugin),Set(Atom(sbt.plugins.JvmPlugin))), Clause(Atom(sbt.plugins.SbtPlugin),Set(Atom(sbt.ScriptedPlugin))), Clause(Atom(sbt.plugins.SemanticdbPlugin),Set(Atom(sbt.plugins.JvmPlugin))), Clause(Atom(sbt.plugins.JUnitXmlReportPlugin),Set(Atom(sbt.plugins.JvmPlugin))), Clause(Atom(sbt.plugins.MiniDependencyTreePlugin),Set(Atom(sbt.plugins.JvmPlugin))), Clause(Atom(sbt.plugins.CorePlugin),Set(Atom(sbt.plugins.IvyPlugin))), Clause(Atom(sbt.plugins.IvyPlugin),Set(Atom(sbt.plugins.JvmPlugin))), Clause(Atom(sbt.plugins.JvmPlugin),Set(Atom(sbt.plugins.SemanticdbPlugin))), Clause(Atom(sbt.plugins.JvmPlugin),Set(Atom(sbt.plugins.JUnitXmlReportPlugin))), Clause(Atom(sbt.plugins.CorePlugin),Set(Atom(sbt.plugins.Giter8TemplatePlugin))), Clause(Atom(sbt.plugins.JvmPlugin),Set(Atom(sbt.plugins.MiniDependencyTreePlugin)))))
[debug]   :: deduced result: Matched(sbt.plugins.CorePlugin,sbt.plugins.Giter8TemplatePlugin,sbt.plugins.IvyPlugin,sbt.plugins.JvmPlugin,sbt.plugins.MiniDependencyTreePlugin,sbt.plugins.JUnitXmlReportPlugin,sbt.plugins.SemanticdbPlugin)
[debug] Plugins.deducer#function took 2.1978 ms
[debug]               Load.resolveProject(se_gwent-build) took 1.4478ms
[debug]             Load.loadTransitive: finalizeProject(Project(id se_gwent-build, base: C:\Users\weish\IdeaProjects\SE_GWENT\project, plugins: List(<none>))) took 4.2619ms
[debug] [Loading] Done in C:\Users\weish\IdeaProjects\SE_GWENT\project, returning: (se_gwent-build)
[debug]           Load.loadUnit: loadedProjectsRaw took 6.4355ms
[debug]           Load.loadUnit: cleanEvalClasses took 0.0101ms
[debug]         Load.loadUnit(file:/C:/Users/weish/IdeaProjects/SE_GWENT/project/, ...) took 42.0069ms
[debug]       Load.apply: load took 43.788ms
[debug]       Load.apply: resolveProjects took 0.1123ms
[debug]       Load.apply: finalTransforms took 15.4156ms
[debug]       Load.apply: config.delegates took 0.4698ms
[debug]       Load.apply: Def.make(settings)... took 69.192ms
[debug]       Load.apply: structureIndex took 34.244ms
[debug]       Load.apply: mkStreams took 0.0029ms
[info] loading project definition from C:\Users\weish\IdeaProjects\SE_GWENT\project
[debug] Running task... Cancel: Signal, check cycles: false, forcegc: true
[debug]     Load.loadUnit: plugins took 1301.3085ms
[debug]     Load.loadUnit: defsScala took 0.0036ms
[debug] [Loading] Scanning directory C:\Users\weish\IdeaProjects\SE_GWENT
[debug]       Load.loadUnit: mkEval took 6.4571ms
[debug] [Loading] Found non-root projects 
[debug] [Loading] Done in C:\Users\weish\IdeaProjects\SE_GWENT, returning: ()
[debug] deducing auto plugins based on known facts Set(Atom(sbt.plugins.CorePlugin)) and clauses Clauses(List(Clause(Atom(sbt.plugins.JvmPlugin),Set(Atom(sbt.plugins.IvyPlugin))), Clause(Atom(sbt.ScriptedPlugin),Set(Atom(sbt.plugins.JvmPlugin))), Clause(Atom(sbt.plugins.SbtPlugin),Set(Atom(sbt.ScriptedPlugin))), Clause(Atom(sbt.plugins.SemanticdbPlugin),Set(Atom(sbt.plugins.JvmPlugin))), Clause(Atom(sbt.plugins.JUnitXmlReportPlugin),Set(Atom(sbt.plugins.JvmPlugin))), Clause(Atom(sbt.plugins.MiniDependencyTreePlugin),Set(Atom(sbt.plugins.JvmPlugin))), Clause(Atom(sbt.plugins.CorePlugin),Set(Atom(sbt.plugins.IvyPlugin))), Clause(Atom(sbt.plugins.IvyPlugin),Set(Atom(sbt.plugins.JvmPlugin))), Clause(Atom(sbt.plugins.JvmPlugin),Set(Atom(sbt.plugins.SemanticdbPlugin))), Clause(Atom(sbt.plugins.JvmPlugin),Set(Atom(sbt.plugins.JUnitXmlReportPlugin))), Clause(Atom(sbt.plugins.CorePlugin),Set(Atom(sbt.plugins.Giter8TemplatePlugin))), Clause(Atom(sbt.plugins.JvmPlugin),Set(Atom(sbt.plugins.MiniDependencyTreePlugin)))))
[debug]   :: deduced result: Matched(sbt.plugins.CorePlugin,sbt.plugins.Giter8TemplatePlugin,sbt.plugins.IvyPlugin,sbt.plugins.JvmPlugin,sbt.plugins.MiniDependencyTreePlugin,sbt.plugins.JUnitXmlReportPlugin,sbt.plugins.SemanticdbPlugin)
[debug] Plugins.deducer#function took 1.9361 ms
[info] loading settings for project se_gwent from build.sbt ...
[debug]         Load.resolveProject(se_gwent) took 2.8876ms
[debug]       Load.loadTransitive: finalizeProject(Project(id se_gwent, base: C:\Users\weish\IdeaProjects\SE_GWENT, plugins: List(<none>))) took 5.5007ms
[debug] [Loading] Done in C:\Users\weish\IdeaProjects\SE_GWENT, returning: (se_gwent)
[debug]     Load.loadUnit: loadedProjectsRaw took 3227.9976ms
[debug]     Load.loadUnit: cleanEvalClasses took 60.1143ms
[debug]   Load.loadUnit(file:/C:/Users/weish/IdeaProjects/SE_GWENT/, ...) took 4590.7135ms
[debug] Load.apply: load took 4592.6045ms
[debug] Load.apply: resolveProjects took 0.1384ms
[debug] Load.apply: finalTransforms took 8.6718ms
[debug] Load.apply: config.delegates took 0.2982ms
[debug] Load.apply: Def.make(settings)... took 95.3076ms
[debug] Load.apply: structureIndex took 53.8467ms
[debug] Load.apply: mkStreams took 0.0024ms
[info] set current project to Gwent_SE_sbt (in build file:/C:/Users/weish/IdeaProjects/SE_GWENT/)
[debug] > Exec(sbtPopOnFailure, None, None)
[debug] > Exec(resumeFromFailure, None, None)
[debug] > Exec(notifyUsersAboutShell, None, None)
[debug] > Exec(iflast shell, None, None)
[debug] > Exec(shell, None, None)
[info] sbt server started at local:sbt-server-02322136b673bc77ff52
[debug] Forcing garbage collection...
