[debug] > Exec(early(addDefaultCommands), None, None)
[debug] > Exec(addDefaultCommands, None, None)
[debug] > Exec(early(initialize), None, None)
[debug] > Exec(initialize, None, None)
[debug] > Exec(boot, None, None)
[debug] > Exec(writeSbtVersion, None, None)
[debug] > Exec(reload, None, None)
[debug] > Exec(sbtStashOnFailure, None, None)
[debug] > Exec(onFailure loadFailed, None, None)
[debug] > Exec(loadp, None, None)
[info] welcome to sbt 1.4.2 (Oracle Corporation Java 15.0.1)
[debug]       Load.loadUnit: plugins took 128.6906ms
[debug]       Load.loadUnit: defsScala took 0.4633ms
[debug] [Loading] Scanning directory C:\Users\weish\.sbt\1.0\plugins
[debug] [Loading] Found non-root projects 
[debug] [Loading] Done in C:\Users\weish\.sbt\1.0\plugins, returning: ()
[debug] deducing auto plugins based on known facts Set(Atom(sbt.plugins.CorePlugin)) and clauses Clauses(List(Clause(Atom(sbt.plugins.JvmPlugin),Set(Atom(sbt.plugins.IvyPlugin))), Clause(Atom(sbt.ScriptedPlugin),Set(Atom(sbt.plugins.JvmPlugin))), Clause(Atom(sbt.plugins.SbtPlugin),Set(Atom(sbt.ScriptedPlugin))), Clause(Atom(sbt.plugins.SemanticdbPlugin),Set(Atom(sbt.plugins.JvmPlugin))), Clause(Atom(sbt.plugins.JUnitXmlReportPlugin),Set(Atom(sbt.plugins.JvmPlugin))), Clause(Atom(sbt.plugins.MiniDependencyTreePlugin),Set(Atom(sbt.plugins.JvmPlugin))), Clause(Atom(sbt.plugins.CorePlugin),Set(Atom(sbt.plugins.IvyPlugin))), Clause(Atom(sbt.plugins.IvyPlugin),Set(Atom(sbt.plugins.JvmPlugin))), Clause(Atom(sbt.plugins.JvmPlugin),Set(Atom(sbt.plugins.SemanticdbPlugin))), Clause(Atom(sbt.plugins.JvmPlugin),Set(Atom(sbt.plugins.JUnitXmlReportPlugin))), Clause(Atom(sbt.plugins.CorePlugin),Set(Atom(sbt.plugins.Giter8TemplatePlugin))), Clause(Atom(sbt.plugins.JvmPlugin),Set(Atom(sbt.plugins.MiniDependencyTreePlugin)))))
[debug]   :: deduced result: Matched(sbt.plugins.CorePlugin,sbt.plugins.Giter8TemplatePlugin,sbt.plugins.IvyPlugin,sbt.plugins.JvmPlugin,sbt.plugins.MiniDependencyTreePlugin,sbt.plugins.JUnitXmlReportPlugin,sbt.plugins.SemanticdbPlugin)
[debug] Plugins.deducer#function took 26.5183 ms
[debug]           Load.resolveProject(global-plugins) took 64.6747ms
[debug]         Load.loadTransitive: finalizeProject(Project(id global-plugins, base: C:\Users\weish\.sbt\1.0\plugins, plugins: List(<none>))) took 122.38ms
[debug] [Loading] Done in C:\Users\weish\.sbt\1.0\plugins, returning: (global-plugins)
[debug]       Load.loadUnit: loadedProjectsRaw took 149.4678ms
[debug]       Load.loadUnit: cleanEvalClasses took 0.2835ms
[debug]     Load.loadUnit(file:/C:/Users/weish/.sbt/1.0/plugins/, ...) took 335.4946ms
[debug]   Load.apply: load took 619.9956ms
[debug]   Load.apply: resolveProjects took 7.1605ms
[debug]   Load.apply: finalTransforms took 74.1838ms
[debug]   Load.apply: config.delegates took 8.8812ms
[debug]   Load.apply: Def.make(settings)... took 1403.2806ms
[debug]   Load.apply: structureIndex took 203.3553ms
[debug]   Load.apply: mkStreams took 2.0706ms
[info] loading global plugins from C:\Users\weish\.sbt\1.0\plugins
[debug] Running task... Cancel: Signal, check cycles: false, forcegc: true
[debug] Load.defaultLoad until apply took 4438.415ms
[debug]           Load.loadUnit: plugins took 53.5439ms
[debug]           Load.loadUnit: defsScala took 0.0058ms
[debug] [Loading] Scanning directory C:\Users\weish\IdeaProjects\SE_GWENT\project
[debug] [Loading] Found non-root projects 
[debug] [Loading] Done in C:\Users\weish\IdeaProjects\SE_GWENT\project, returning: ()
[debug] deducing auto plugins based on known facts Set(Atom(sbt.plugins.CorePlugin)) and clauses Clauses(List(Clause(Atom(sbt.plugins.JvmPlugin),Set(Atom(sbt.plugins.IvyPlugin))), Clause(Atom(sbt.ScriptedPlugin),Set(Atom(sbt.plugins.JvmPlugin))), Clause(Atom(sbt.plugins.SbtPlugin),Set(Atom(sbt.ScriptedPlugin))), Clause(Atom(sbt.plugins.SemanticdbPlugin),Set(Atom(sbt.plugins.JvmPlugin))), Clause(Atom(sbt.plugins.JUnitXmlReportPlugin),Set(Atom(sbt.plugins.JvmPlugin))), Clause(Atom(sbt.plugins.MiniDependencyTreePlugin),Set(Atom(sbt.plugins.JvmPlugin))), Clause(Atom(sbt.plugins.CorePlugin),Set(Atom(sbt.plugins.IvyPlugin))), Clause(Atom(sbt.plugins.IvyPlugin),Set(Atom(sbt.plugins.JvmPlugin))), Clause(Atom(sbt.plugins.JvmPlugin),Set(Atom(sbt.plugins.SemanticdbPlugin))), Clause(Atom(sbt.plugins.JvmPlugin),Set(Atom(sbt.plugins.JUnitXmlReportPlugin))), Clause(Atom(sbt.plugins.CorePlugin),Set(Atom(sbt.plugins.Giter8TemplatePlugin))), Clause(Atom(sbt.plugins.JvmPlugin),Set(Atom(sbt.plugins.MiniDependencyTreePlugin)))))
[debug]   :: deduced result: Matched(sbt.plugins.CorePlugin,sbt.plugins.Giter8TemplatePlugin,sbt.plugins.IvyPlugin,sbt.plugins.JvmPlugin,sbt.plugins.MiniDependencyTreePlugin,sbt.plugins.JUnitXmlReportPlugin,sbt.plugins.SemanticdbPlugin)
[debug] Plugins.deducer#function took 3.9375 ms
[debug]               Load.resolveProject(se_gwent-build) took 2.5777ms
[debug]             Load.loadTransitive: finalizeProject(Project(id se_gwent-build, base: C:\Users\weish\IdeaProjects\SE_GWENT\project, plugins: List(<none>))) took 7.5433ms
[debug] [Loading] Done in C:\Users\weish\IdeaProjects\SE_GWENT\project, returning: (se_gwent-build)
[debug]           Load.loadUnit: loadedProjectsRaw took 11.8187ms
[debug]           Load.loadUnit: cleanEvalClasses took 0.0265ms
[debug]         Load.loadUnit(file:/C:/Users/weish/IdeaProjects/SE_GWENT/project/, ...) took 67.1267ms
[debug]       Load.apply: load took 70.2635ms
[debug]       Load.apply: resolveProjects took 0.1593ms
[debug]       Load.apply: finalTransforms took 22.4846ms
[debug]       Load.apply: config.delegates took 0.7294ms
[debug]       Load.apply: Def.make(settings)... took 144.7816ms
[debug]       Load.apply: structureIndex took 44.5898ms
[debug]       Load.apply: mkStreams took 0.0023ms
[info] loading project definition from C:\Users\weish\IdeaProjects\SE_GWENT\project
[debug] Running task... Cancel: Signal, check cycles: false, forcegc: true
[debug]     Load.loadUnit: plugins took 571.4236ms
[debug]     Load.loadUnit: defsScala took 0.0053ms
[debug] [Loading] Scanning directory C:\Users\weish\IdeaProjects\SE_GWENT
[debug]       Load.loadUnit: mkEval took 7.143ms
[debug] [Loading] Found non-root projects 
[debug] [Loading] Done in C:\Users\weish\IdeaProjects\SE_GWENT, returning: ()
[debug] deducing auto plugins based on known facts Set(Atom(sbt.plugins.CorePlugin)) and clauses Clauses(List(Clause(Atom(sbt.plugins.JvmPlugin),Set(Atom(sbt.plugins.IvyPlugin))), Clause(Atom(sbt.ScriptedPlugin),Set(Atom(sbt.plugins.JvmPlugin))), Clause(Atom(sbt.plugins.SbtPlugin),Set(Atom(sbt.ScriptedPlugin))), Clause(Atom(sbt.plugins.SemanticdbPlugin),Set(Atom(sbt.plugins.JvmPlugin))), Clause(Atom(sbt.plugins.JUnitXmlReportPlugin),Set(Atom(sbt.plugins.JvmPlugin))), Clause(Atom(sbt.plugins.MiniDependencyTreePlugin),Set(Atom(sbt.plugins.JvmPlugin))), Clause(Atom(sbt.plugins.CorePlugin),Set(Atom(sbt.plugins.IvyPlugin))), Clause(Atom(sbt.plugins.IvyPlugin),Set(Atom(sbt.plugins.JvmPlugin))), Clause(Atom(sbt.plugins.JvmPlugin),Set(Atom(sbt.plugins.SemanticdbPlugin))), Clause(Atom(sbt.plugins.JvmPlugin),Set(Atom(sbt.plugins.JUnitXmlReportPlugin))), Clause(Atom(sbt.plugins.CorePlugin),Set(Atom(sbt.plugins.Giter8TemplatePlugin))), Clause(Atom(sbt.plugins.JvmPlugin),Set(Atom(sbt.plugins.MiniDependencyTreePlugin)))))
[debug]   :: deduced result: Matched(sbt.plugins.CorePlugin,sbt.plugins.Giter8TemplatePlugin,sbt.plugins.IvyPlugin,sbt.plugins.JvmPlugin,sbt.plugins.MiniDependencyTreePlugin,sbt.plugins.JUnitXmlReportPlugin,sbt.plugins.SemanticdbPlugin)
[debug] Plugins.deducer#function took 2.7076 ms
[info] loading settings for project se_gwent from build.sbt ...
[debug]         Load.resolveProject(se_gwent) took 4.3792ms
[debug]       Load.loadTransitive: finalizeProject(Project(id se_gwent, base: C:\Users\weish\IdeaProjects\SE_GWENT, plugins: List(<none>))) took 8.5417ms
[debug] [Loading] Done in C:\Users\weish\IdeaProjects\SE_GWENT, returning: (se_gwent)
[debug]     Load.loadUnit: loadedProjectsRaw took 2875.8567ms
[debug]     Load.loadUnit: cleanEvalClasses took 53.2225ms
[debug]   Load.loadUnit(file:/C:/Users/weish/IdeaProjects/SE_GWENT/, ...) took 3502.0872ms
[debug] Load.apply: load took 3504.016ms
[debug] Load.apply: resolveProjects took 0.1299ms
[debug] Load.apply: finalTransforms took 13.6429ms
[debug] Load.apply: config.delegates took 0.5237ms
[debug] Load.apply: Def.make(settings)... took 122.3521ms
[debug] Load.apply: structureIndex took 36.3344ms
[debug] Load.apply: mkStreams took 0.0021ms
[info] set current project to Gwent_SE_sbt (in build file:/C:/Users/weish/IdeaProjects/SE_GWENT/)
[debug] > Exec(sbtPopOnFailure, None, None)
[debug] > Exec(resumeFromFailure, None, None)
[debug] > Exec(notifyUsersAboutShell, None, None)
[debug] > Exec(iflast shell, None, None)
[debug] > Exec(shell, None, None)
[info] sbt server started at local:sbt-server-02322136b673bc77ff52
