[debug] > Exec(early(addDefaultCommands), None, None)
[debug] > Exec(addDefaultCommands, None, None)
[debug] > Exec(early(initialize), None, None)
[debug] > Exec(initialize, None, None)
[debug] > Exec(boot, None, None)
[debug] > Exec(writeSbtVersion, None, None)
[debug] > Exec(reload, None, None)
[debug] > Exec(sbtStashOnFailure, None, None)
[debug] > Exec(onFailure loadFailed, None, None)
[debug] > Exec(loadp, None, None)
[info] welcome to sbt 1.4.2 (Oracle Corporation Java 15.0.1)
[debug]       Load.loadUnit: plugins took 124.1375ms
[debug]       Load.loadUnit: defsScala took 0.4729ms
[debug] [Loading] Scanning directory C:\Users\weish\.sbt\1.0\plugins
[debug] [Loading] Found non-root projects 
[debug] [Loading] Done in C:\Users\weish\.sbt\1.0\plugins, returning: ()
[debug] deducing auto plugins based on known facts Set(Atom(sbt.plugins.CorePlugin)) and clauses Clauses(List(Clause(Atom(sbt.plugins.JvmPlugin),Set(Atom(sbt.plugins.IvyPlugin))), Clause(Atom(sbt.ScriptedPlugin),Set(Atom(sbt.plugins.JvmPlugin))), Clause(Atom(sbt.plugins.SbtPlugin),Set(Atom(sbt.ScriptedPlugin))), Clause(Atom(sbt.plugins.SemanticdbPlugin),Set(Atom(sbt.plugins.JvmPlugin))), Clause(Atom(sbt.plugins.JUnitXmlReportPlugin),Set(Atom(sbt.plugins.JvmPlugin))), Clause(Atom(sbt.plugins.MiniDependencyTreePlugin),Set(Atom(sbt.plugins.JvmPlugin))), Clause(Atom(sbt.plugins.CorePlugin),Set(Atom(sbt.plugins.IvyPlugin))), Clause(Atom(sbt.plugins.IvyPlugin),Set(Atom(sbt.plugins.JvmPlugin))), Clause(Atom(sbt.plugins.JvmPlugin),Set(Atom(sbt.plugins.SemanticdbPlugin))), Clause(Atom(sbt.plugins.JvmPlugin),Set(Atom(sbt.plugins.JUnitXmlReportPlugin))), Clause(Atom(sbt.plugins.CorePlugin),Set(Atom(sbt.plugins.Giter8TemplatePlugin))), Clause(Atom(sbt.plugins.JvmPlugin),Set(Atom(sbt.plugins.MiniDependencyTreePlugin)))))
[debug]   :: deduced result: Matched(sbt.plugins.CorePlugin,sbt.plugins.Giter8TemplatePlugin,sbt.plugins.IvyPlugin,sbt.plugins.JvmPlugin,sbt.plugins.MiniDependencyTreePlugin,sbt.plugins.JUnitXmlReportPlugin,sbt.plugins.SemanticdbPlugin)
[debug] Plugins.deducer#function took 28.7175 ms
[debug]           Load.resolveProject(global-plugins) took 52.6331ms
[debug]         Load.loadTransitive: finalizeProject(Project(id global-plugins, base: C:\Users\weish\.sbt\1.0\plugins, plugins: List(<none>))) took 112.1044ms
[debug] [Loading] Done in C:\Users\weish\.sbt\1.0\plugins, returning: (global-plugins)
[debug]       Load.loadUnit: loadedProjectsRaw took 142.4691ms
[debug]       Load.loadUnit: cleanEvalClasses took 0.4089ms
[debug]     Load.loadUnit(file:/C:/Users/weish/.sbt/1.0/plugins/, ...) took 326.7379ms
[debug]   Load.apply: load took 659.1613ms
[debug]   Load.apply: resolveProjects took 20.153ms
[debug]   Load.apply: finalTransforms took 163.3214ms
[debug]   Load.apply: config.delegates took 8.7348ms
[debug]   Load.apply: Def.make(settings)... took 1766.917ms
[debug]   Load.apply: structureIndex took 119.5701ms
[debug]   Load.apply: mkStreams took 1.7358ms
[info] loading global plugins from C:\Users\weish\.sbt\1.0\plugins
[debug] Running task... Cancel: Signal, check cycles: false, forcegc: true
[debug] Load.defaultLoad until apply took 4602.3009ms
[debug]           Load.loadUnit: plugins took 30.1785ms
[debug]           Load.loadUnit: defsScala took 0.0042ms
[debug] [Loading] Scanning directory C:\Users\weish\IdeaProjects\SE_GWENT\project
[debug] [Loading] Found non-root projects 
[debug] [Loading] Done in C:\Users\weish\IdeaProjects\SE_GWENT\project, returning: ()
[debug] deducing auto plugins based on known facts Set(Atom(sbt.plugins.CorePlugin)) and clauses Clauses(List(Clause(Atom(sbt.plugins.JvmPlugin),Set(Atom(sbt.plugins.IvyPlugin))), Clause(Atom(sbt.ScriptedPlugin),Set(Atom(sbt.plugins.JvmPlugin))), Clause(Atom(sbt.plugins.SbtPlugin),Set(Atom(sbt.ScriptedPlugin))), Clause(Atom(sbt.plugins.SemanticdbPlugin),Set(Atom(sbt.plugins.JvmPlugin))), Clause(Atom(sbt.plugins.JUnitXmlReportPlugin),Set(Atom(sbt.plugins.JvmPlugin))), Clause(Atom(sbt.plugins.MiniDependencyTreePlugin),Set(Atom(sbt.plugins.JvmPlugin))), Clause(Atom(sbt.plugins.CorePlugin),Set(Atom(sbt.plugins.IvyPlugin))), Clause(Atom(sbt.plugins.IvyPlugin),Set(Atom(sbt.plugins.JvmPlugin))), Clause(Atom(sbt.plugins.JvmPlugin),Set(Atom(sbt.plugins.SemanticdbPlugin))), Clause(Atom(sbt.plugins.JvmPlugin),Set(Atom(sbt.plugins.JUnitXmlReportPlugin))), Clause(Atom(sbt.plugins.CorePlugin),Set(Atom(sbt.plugins.Giter8TemplatePlugin))), Clause(Atom(sbt.plugins.JvmPlugin),Set(Atom(sbt.plugins.MiniDependencyTreePlugin)))))
[debug]   :: deduced result: Matched(sbt.plugins.CorePlugin,sbt.plugins.Giter8TemplatePlugin,sbt.plugins.IvyPlugin,sbt.plugins.JvmPlugin,sbt.plugins.MiniDependencyTreePlugin,sbt.plugins.JUnitXmlReportPlugin,sbt.plugins.SemanticdbPlugin)
[debug] Plugins.deducer#function took 2.8982 ms
[debug]               Load.resolveProject(se_gwent-build) took 1.4552ms
[debug]             Load.loadTransitive: finalizeProject(Project(id se_gwent-build, base: C:\Users\weish\IdeaProjects\SE_GWENT\project, plugins: List(<none>))) took 5.0016ms
[debug] [Loading] Done in C:\Users\weish\IdeaProjects\SE_GWENT\project, returning: (se_gwent-build)
[debug]           Load.loadUnit: loadedProjectsRaw took 6.9914ms
[debug]           Load.loadUnit: cleanEvalClasses took 0.011ms
[debug]         Load.loadUnit(file:/C:/Users/weish/IdeaProjects/SE_GWENT/project/, ...) took 38.3351ms
[debug]       Load.apply: load took 40.0133ms
[debug]       Load.apply: resolveProjects took 0.1021ms
[debug]       Load.apply: finalTransforms took 12.6357ms
[debug]       Load.apply: config.delegates took 0.4737ms
[debug]       Load.apply: Def.make(settings)... took 102.0534ms
[debug]       Load.apply: structureIndex took 42.1023ms
[debug]       Load.apply: mkStreams took 0.0022ms
[info] loading project definition from C:\Users\weish\IdeaProjects\SE_GWENT\project
[debug] Running task... Cancel: Signal, check cycles: false, forcegc: true
[debug]     Load.loadUnit: plugins took 452.9169ms
[debug]     Load.loadUnit: defsScala took 0.0045ms
[debug] [Loading] Scanning directory C:\Users\weish\IdeaProjects\SE_GWENT
[debug]       Load.loadUnit: mkEval took 5.4982ms
[debug] [Loading] Found non-root projects 
[debug] [Loading] Done in C:\Users\weish\IdeaProjects\SE_GWENT, returning: ()
[debug] deducing auto plugins based on known facts Set(Atom(sbt.plugins.CorePlugin)) and clauses Clauses(List(Clause(Atom(sbt.plugins.JvmPlugin),Set(Atom(sbt.plugins.IvyPlugin))), Clause(Atom(sbt.ScriptedPlugin),Set(Atom(sbt.plugins.JvmPlugin))), Clause(Atom(sbt.plugins.SbtPlugin),Set(Atom(sbt.ScriptedPlugin))), Clause(Atom(sbt.plugins.SemanticdbPlugin),Set(Atom(sbt.plugins.JvmPlugin))), Clause(Atom(sbt.plugins.JUnitXmlReportPlugin),Set(Atom(sbt.plugins.JvmPlugin))), Clause(Atom(sbt.plugins.MiniDependencyTreePlugin),Set(Atom(sbt.plugins.JvmPlugin))), Clause(Atom(sbt.plugins.CorePlugin),Set(Atom(sbt.plugins.IvyPlugin))), Clause(Atom(sbt.plugins.IvyPlugin),Set(Atom(sbt.plugins.JvmPlugin))), Clause(Atom(sbt.plugins.JvmPlugin),Set(Atom(sbt.plugins.SemanticdbPlugin))), Clause(Atom(sbt.plugins.JvmPlugin),Set(Atom(sbt.plugins.JUnitXmlReportPlugin))), Clause(Atom(sbt.plugins.CorePlugin),Set(Atom(sbt.plugins.Giter8TemplatePlugin))), Clause(Atom(sbt.plugins.JvmPlugin),Set(Atom(sbt.plugins.MiniDependencyTreePlugin)))))
[debug]   :: deduced result: Matched(sbt.plugins.CorePlugin,sbt.plugins.Giter8TemplatePlugin,sbt.plugins.IvyPlugin,sbt.plugins.JvmPlugin,sbt.plugins.MiniDependencyTreePlugin,sbt.plugins.JUnitXmlReportPlugin,sbt.plugins.SemanticdbPlugin)
[debug] Plugins.deducer#function took 2.2524 ms
[info] loading settings for project se_gwent from build.sbt ...
[debug]         Load.resolveProject(se_gwent) took 3.7907ms
[debug]       Load.loadTransitive: finalizeProject(Project(id se_gwent, base: C:\Users\weish\IdeaProjects\SE_GWENT, plugins: List(<none>))) took 6.692ms
[debug] [Loading] Done in C:\Users\weish\IdeaProjects\SE_GWENT, returning: (se_gwent)
[debug]     Load.loadUnit: loadedProjectsRaw took 165.7223ms
[debug]     Load.loadUnit: cleanEvalClasses took 37.9841ms
[debug]   Load.loadUnit(file:/C:/Users/weish/IdeaProjects/SE_GWENT/, ...) took 657.8474ms
[debug] Load.apply: load took 659.812ms
[debug] Load.apply: resolveProjects took 0.1524ms
[debug] Load.apply: finalTransforms took 10.7359ms
[debug] Load.apply: config.delegates took 0.4627ms
[debug] Load.apply: Def.make(settings)... took 121.1115ms
[debug] Load.apply: structureIndex took 45.6872ms
[debug] Load.apply: mkStreams took 0.0024ms
[info] set current project to Gwent_SE_sbt (in build file:/C:/Users/weish/IdeaProjects/SE_GWENT/)
[debug] > Exec(sbtPopOnFailure, None, None)
[debug] > Exec(resumeFromFailure, None, None)
[debug] > Exec(notifyUsersAboutShell, None, None)
[debug] > Exec(iflast shell, None, None)
[debug] > Exec(shell, None, None)
[info] sbt server started at local:sbt-server-02322136b673bc77ff52
